[33mWARNING[0m:  [14-04-2025 20:40:14] chroma_server_nofile is not supported on Windows. chroma_server_nofile will not be set.
[32mINFO[0m:     [14-04-2025 20:40:15] Anonymized telemetry enabled. See                     https://docs.trychroma.com/telemetry for more information.
[36mDEBUG[0m:    [14-04-2025 20:40:15] Starting component System
[36mDEBUG[0m:    [14-04-2025 20:40:15] Starting component OpenTelemetryClient
[36mDEBUG[0m:    [14-04-2025 20:40:15] Starting component SqliteDB
[36mDEBUG[0m:    [14-04-2025 20:40:15] Starting component SimpleQuotaEnforcer
[36mDEBUG[0m:    [14-04-2025 20:40:15] Starting component Posthog
[36mDEBUG[0m:    [14-04-2025 20:40:15] Starting component SimpleRateLimitEnforcer
[36mDEBUG[0m:    [14-04-2025 20:40:15] Starting component LocalSegmentManager
[36mDEBUG[0m:    [14-04-2025 20:40:15] Starting component LocalExecutor
[36mDEBUG[0m:    [14-04-2025 20:40:15] Starting component SegmentAPI
[36mDEBUG[0m:    [14-04-2025 20:40:15] Starting component SimpleAsyncRateLimitEnforcer
[32mINFO[0m:     [14-04-2025 20:40:15] Started server process [[36m21856[0m]
[32mINFO[0m:     [14-04-2025 20:40:15] Waiting for application startup.
[32mINFO[0m:     [14-04-2025 20:40:15] Application startup complete.
[32mINFO[0m:     [14-04-2025 20:40:15] Uvicorn running on [1mhttp://localhost:8000[0m (Press CTRL+C to quit)
[32mINFO[0m:     [14-04-2025 20:40:21] ::1:59317 - "GET / HTTP/1.1" 404
[32mINFO[0m:     [14-04-2025 20:40:22] ::1:59317 - "GET /favicon.ico HTTP/1.1" 404
[32mINFO[0m:     [14-04-2025 20:40:34] ::1:59330 - "GET / HTTP/1.1" 404
[32mINFO[0m:     [14-04-2025 20:40:35] ::1:59330 - "GET / HTTP/1.1" 404
[32mINFO[0m:     [14-04-2025 20:40:36] ::1:59330 - "GET / HTTP/1.1" 404
[32mINFO[0m:     [14-04-2025 20:40:36] ::1:59330 - "GET / HTTP/1.1" 404
[32mINFO[0m:     [14-04-2025 20:40:44] Shutting down
[32mINFO[0m:     [14-04-2025 20:40:44] Finished server process [[36m21856[0m]
[36mDEBUG[0m:    [14-04-2025 20:40:44] Stopping component System
[36mDEBUG[0m:    [14-04-2025 20:40:44] Stopping component SegmentAPI
[36mDEBUG[0m:    [14-04-2025 20:40:44] Stopping component LocalExecutor
[36mDEBUG[0m:    [14-04-2025 20:40:44] Stopping component LocalSegmentManager
[36mDEBUG[0m:    [14-04-2025 20:40:44] Stopping component SimpleAsyncRateLimitEnforcer
[36mDEBUG[0m:    [14-04-2025 20:40:44] Stopping component SimpleRateLimitEnforcer
[36mDEBUG[0m:    [14-04-2025 20:40:44] Stopping component Posthog
[36mDEBUG[0m:    [14-04-2025 20:40:44] Stopping component SimpleQuotaEnforcer
[36mDEBUG[0m:    [14-04-2025 20:40:44] Stopping component SqliteDB
[36mDEBUG[0m:    [14-04-2025 20:40:44] Stopping component OpenTelemetryClient
[31mERROR[0m:    [14-04-2025 20:40:44] Traceback (most recent call last):
  File "C:\Users\gopherchen\.conda\envs\llmrag\lib\asyncio\runners.py", line 44, in run
    return loop.run_until_complete(main)
  File "C:\Users\gopherchen\.conda\envs\llmrag\lib\asyncio\base_events.py", line 636, in run_until_complete
    self.run_forever()
  File "C:\Users\gopherchen\.conda\envs\llmrag\lib\asyncio\windows_events.py", line 321, in run_forever
    super().run_forever()
  File "C:\Users\gopherchen\.conda\envs\llmrag\lib\asyncio\base_events.py", line 603, in run_forever
    self._run_once()
  File "C:\Users\gopherchen\.conda\envs\llmrag\lib\asyncio\base_events.py", line 1909, in _run_once
    handle._run()
  File "C:\Users\gopherchen\.conda\envs\llmrag\lib\asyncio\events.py", line 80, in _run
    self._context.run(self._callback, *self._args)
  File "C:\Users\gopherchen\.conda\envs\llmrag\lib\site-packages\uvicorn\server.py", line 69, in serve
    with self.capture_signals():
  File "C:\Users\gopherchen\.conda\envs\llmrag\lib\contextlib.py", line 142, in __exit__
    next(self.gen)
  File "C:\Users\gopherchen\.conda\envs\llmrag\lib\site-packages\uvicorn\server.py", line 330, in capture_signals
    signal.raise_signal(captured_signal)
KeyboardInterrupt

During handling of the above exception, another exception occurred:

Traceback (most recent call last):
  File "C:\Users\gopherchen\.conda\envs\llmrag\lib\site-packages\starlette\routing.py", line 699, in lifespan
    await receive()
  File "C:\Users\gopherchen\.conda\envs\llmrag\lib\site-packages\uvicorn\lifespan\on.py", line 137, in receive
    return await self.receive_queue.get()
  File "C:\Users\gopherchen\.conda\envs\llmrag\lib\asyncio\queues.py", line 159, in get
    await getter
asyncio.exceptions.CancelledError

[33mWARNING[0m:  [14-04-2025 21:16:45] chroma_server_nofile is not supported on Windows. chroma_server_nofile will not be set.
[32mINFO[0m:     [14-04-2025 21:16:45] Anonymized telemetry enabled. See                     https://docs.trychroma.com/telemetry for more information.
[36mDEBUG[0m:    [14-04-2025 21:16:45] Starting component System
[36mDEBUG[0m:    [14-04-2025 21:16:45] Starting component OpenTelemetryClient
[36mDEBUG[0m:    [14-04-2025 21:16:45] Starting component SqliteDB
[36mDEBUG[0m:    [14-04-2025 21:16:45] Starting component SimpleQuotaEnforcer
[36mDEBUG[0m:    [14-04-2025 21:16:45] Starting component Posthog
[36mDEBUG[0m:    [14-04-2025 21:16:45] Starting component SimpleRateLimitEnforcer
[36mDEBUG[0m:    [14-04-2025 21:16:45] Starting component LocalSegmentManager
[36mDEBUG[0m:    [14-04-2025 21:16:45] Starting component LocalExecutor
[36mDEBUG[0m:    [14-04-2025 21:16:45] Starting component SegmentAPI
[36mDEBUG[0m:    [14-04-2025 21:16:45] Starting component SimpleAsyncRateLimitEnforcer
[32mINFO[0m:     [14-04-2025 21:16:45] Started server process [[36m6448[0m]
[32mINFO[0m:     [14-04-2025 21:16:45] Waiting for application startup.
[32mINFO[0m:     [14-04-2025 21:16:45] Application startup complete.
[32mINFO[0m:     [14-04-2025 21:16:45] Uvicorn running on [1mhttp://localhost:8000[0m (Press CTRL+C to quit)
[32mINFO[0m:     [14-04-2025 21:17:11] Shutting down
[32mINFO[0m:     [14-04-2025 21:17:11] Waiting for application shutdown.
[36mDEBUG[0m:    [14-04-2025 21:17:11] Stopping component System
[36mDEBUG[0m:    [14-04-2025 21:17:11] Stopping component SegmentAPI
[36mDEBUG[0m:    [14-04-2025 21:17:11] Stopping component LocalExecutor
[36mDEBUG[0m:    [14-04-2025 21:17:11] Stopping component LocalSegmentManager
[36mDEBUG[0m:    [14-04-2025 21:17:11] Stopping component SimpleAsyncRateLimitEnforcer
[36mDEBUG[0m:    [14-04-2025 21:17:11] Stopping component SimpleRateLimitEnforcer
[36mDEBUG[0m:    [14-04-2025 21:17:11] Stopping component Posthog
[36mDEBUG[0m:    [14-04-2025 21:17:11] Stopping component SimpleQuotaEnforcer
[36mDEBUG[0m:    [14-04-2025 21:17:11] Stopping component SqliteDB
[36mDEBUG[0m:    [14-04-2025 21:17:11] Stopping component OpenTelemetryClient
[32mINFO[0m:     [14-04-2025 21:17:11] Application shutdown complete.
[32mINFO[0m:     [14-04-2025 21:17:11] Finished server process [[36m6448[0m]
[33mWARNING[0m:  [14-04-2025 21:17:29] chroma_server_nofile is not supported on Windows. chroma_server_nofile will not be set.
[32mINFO[0m:     [14-04-2025 21:17:29] Anonymized telemetry enabled. See                     https://docs.trychroma.com/telemetry for more information.
[36mDEBUG[0m:    [14-04-2025 21:17:29] Starting component System
[36mDEBUG[0m:    [14-04-2025 21:17:29] Starting component OpenTelemetryClient
[36mDEBUG[0m:    [14-04-2025 21:17:29] Starting component SqliteDB
[36mDEBUG[0m:    [14-04-2025 21:17:29] Starting component SimpleQuotaEnforcer
[36mDEBUG[0m:    [14-04-2025 21:17:29] Starting component Posthog
[36mDEBUG[0m:    [14-04-2025 21:17:29] Starting component SimpleRateLimitEnforcer
[36mDEBUG[0m:    [14-04-2025 21:17:29] Starting component LocalSegmentManager
[36mDEBUG[0m:    [14-04-2025 21:17:29] Starting component LocalExecutor
[36mDEBUG[0m:    [14-04-2025 21:17:29] Starting component SegmentAPI
[36mDEBUG[0m:    [14-04-2025 21:17:29] Starting component SimpleAsyncRateLimitEnforcer
[32mINFO[0m:     [14-04-2025 21:17:29] Started server process [[36m25000[0m]
[32mINFO[0m:     [14-04-2025 21:17:29] Waiting for application startup.
[32mINFO[0m:     [14-04-2025 21:17:29] Application startup complete.
[32mINFO[0m:     [14-04-2025 21:17:29] Uvicorn running on [1mhttp://10.35.159.50:8000[0m (Press CTRL+C to quit)
[32mINFO[0m:     [14-04-2025 21:17:33] 10.35.159.50:64224 - "GET / HTTP/1.1" 404
[32mINFO[0m:     [14-04-2025 21:17:34] 10.35.159.50:64224 - "GET /favicon.ico HTTP/1.1" 404
[32mINFO[0m:     [14-04-2025 21:17:51] 10.35.167.23:52269 - "GET / HTTP/1.1" 404
[32mINFO[0m:     [14-04-2025 21:17:58] 10.35.167.23:52269 - "GET / HTTP/1.1" 404
[32mINFO[0m:     [14-04-2025 21:18:00] 10.35.167.23:52269 - "GET / HTTP/1.1" 404
[32mINFO[0m:     [14-04-2025 21:18:08] 10.35.167.23:52269 - "GET / HTTP/1.1" 404
[32mINFO[0m:     [14-04-2025 21:18:09] 10.35.167.23:52269 - "GET / HTTP/1.1" 404
[32mINFO[0m:     [14-04-2025 21:18:13] 10.35.167.23:52269 - "GET / HTTP/1.1" 404
[32mINFO[0m:     [14-04-2025 21:18:14] 10.35.167.23:52269 - "GET / HTTP/1.1" 404
[32mINFO[0m:     [14-04-2025 21:18:16] 10.35.167.23:52269 - "GET / HTTP/1.1" 404
[32mINFO[0m:     [14-04-2025 21:18:18] 10.35.167.23:52269 - "GET / HTTP/1.1" 404
[32mINFO[0m:     [14-04-2025 21:18:38] 10.35.167.23:52269 - "GET / HTTP/1.1" 404
[32mINFO[0m:     [14-04-2025 21:18:45] 10.35.167.23:52269 - "GET / HTTP/1.1" 404
[32mINFO[0m:     [14-04-2025 21:18:55] 10.35.167.23:52269 - "GET / HTTP/1.1" 404
[32mINFO[0m:     [14-04-2025 21:19:03] 10.35.167.23:52269 - "GET / HTTP/1.1" 404
[32mINFO[0m:     [14-04-2025 21:19:10] 10.35.167.23:52269 - "GET / HTTP/1.1" 404
[32mINFO[0m:     [14-04-2025 21:19:17] 10.35.167.23:52269 - "GET / HTTP/1.1" 404
[32mINFO[0m:     [14-04-2025 21:19:37] 10.35.167.23:52269 - "GET / HTTP/1.1" 404
[32mINFO[0m:     [14-04-2025 21:21:08] 10.35.167.23:52289 - "GET / HTTP/1.1" 404
